<?xml version="1.0" encoding="UTF-8"?>
<!-- Generated by org.testng.reporters.JUnitReportReporter -->
<testsuite hostname="RAJ" failures="0" tests="3" name="Amazon_HomePage" time="20.877" errors="0" timestamp="2022-07-18T14:51:02 GMT-04:00" skipped="0">
  <testcase classname="Amazon_HomePage" name="HelloMsg" time="3.669"/>
  <system-out/>
  <testcase classname="Amazon_HomePage" name="SelectSubList" time="8.753"/>
  <system-out/>
  <testcase classname="Amazon_HomePage" name="YourOrderPage" time="8.455"/>
  <system-out/>
</testsuite> <!-- Amazon_HomePage -->
