<?xml version="1.0" encoding="UTF-8"?>
<!-- Generated by org.testng.reporters.JUnitReportReporter -->
<testsuite hostname="RAJ" failures="0" tests="7" name="SignUp_Module" time="90.764" errors="0" timestamp="2022-07-18T13:39:57 GMT-04:00" skipped="0">
  <testcase classname="SignUp_Module" name="Mobile" time="12.940"/>
  <system-out/>
  <testcase classname="SignUp_Module" name="NameEmp" time="12.714"/>
  <system-out/>
  <testcase classname="SignUp_Module" name="MobileEmailEmp" time="12.562"/>
  <system-out/>
  <testcase classname="SignUp_Module" name="PassEmp" time="12.576"/>
  <system-out/>
  <testcase classname="SignUp_Module" name="PassLessthan6" time="13.764"/>
  <system-out/>
  <testcase classname="SignUp_Module" name="PassAgain" time="12.823"/>
  <system-out/>
  <testcase classname="SignUp_Module" name="ReturnUser" time="13.385"/>
  <system-out/>
</testsuite> <!-- SignUp_Module -->
