<?xml version="1.0" encoding="UTF-8"?>
<!-- Generated by org.testng.reporters.JUnitReportReporter -->
<testsuite hostname="RAJ" failures="0" tests="4" name="Login_Module" time="56.608" errors="0" timestamp="2022-07-18T13:33:12 GMT-04:00" skipped="0">
  <testcase classname="Login_Module" name="Mobile" time="10.025"/>
  <system-out/>
  <testcase classname="Login_Module" name="NameEmp" time="14.593"/>
  <system-out/>
  <testcase classname="Login_Module" name="MobileEmailEmp" time="16.980"/>
  <system-out/>
  <testcase classname="Login_Module" name="PassEmp" time="15.010"/>
  <system-out/>
</testsuite> <!-- Login_Module -->
