<?xml version="1.0" encoding="UTF-8"?>
<!-- Generated by org.testng.reporters.JUnitReportReporter -->
<testsuite hostname="RAJ" failures="0" tests="1" name="YourAddress_Module" time="20.093" errors="0" timestamp="2022-07-24T21:49:49 GMT-04:00" skipped="0">
  <testcase classname="YourAddress_Module" name="YourAddressPage" time="20.093"/>
  <system-out/>
</testsuite> <!-- YourAddress_Module -->
