<?xml version="1.0" encoding="UTF-8"?>
<!-- Generated by org.testng.reporters.JUnitReportReporter -->
<testsuite hostname="RAJ" failures="0" tests="4" name="SignIn_Module" time="48.090" errors="0" timestamp="2022-07-18T13:59:48 GMT-04:00" skipped="0">
  <testcase classname="SignIn_Module" name="SigninEmaiidBlank" time="12.734"/>
  <system-out/>
  <testcase classname="SignIn_Module" name="SigninEmailidWrong" time="12.895"/>
  <system-out/>
  <testcase classname="SignIn_Module" name="SigninCont" time="13.482"/>
  <system-out/>
  <testcase classname="SignIn_Module" name="SigninPass" time="8.979"/>
  <system-out/>
</testsuite> <!-- SignIn_Module -->
