<?xml version="1.0" encoding="UTF-8"?>
<!-- Generated by org.testng.reporters.JUnitReportReporter -->
<testsuite hostname="RAJ" failures="0" tests="1" name="YourOrders_Module" time="9.329" errors="0" timestamp="2022-07-24T21:29:35 GMT-04:00" skipped="0">
  <testcase classname="YourOrders_Module" name="YourOrder3Options" time="9.329"/>
  <system-out/>
</testsuite> <!-- YourOrders_Module -->
